2024-10-31 14:08:46,240 [INFO] 
2024-10-31 14:08:46,242 [INFO] Please check the above information for the configurations
2024-10-31 14:09:34,849 [WARNING] Parse Model, args: nearest, keep str type
2024-10-31 14:09:36,210 [WARNING] Parse Model, args: nearest, keep str type
2024-10-31 14:09:46,966 [INFO] number of network params, total: 3.038413M, trainable: 3.027994M
2024-10-31 14:10:52,447 [WARNING] Parse Model, args: nearest, keep str type
2024-10-31 14:10:53,281 [WARNING] Parse Model, args: nearest, keep str type
2024-10-31 14:11:00,067 [INFO] number of network params, total: 3.038413M, trainable: 3.027994M
2024-10-31 14:11:46,151 [INFO] ema_weight not exist, default pretrain weight is currently used.
2024-10-31 14:11:46,172 [INFO] Dataset Cache file hash/version check success.
2024-10-31 14:11:46,172 [INFO] Load dataset cache from [cattle/train/labels.cache.npy] success.
2024-10-31 14:11:46,184 [INFO] Dataloader num parallel workers: [4]
2024-10-31 14:11:46,209 [INFO] Dataset Cache file hash/version check success.
2024-10-31 14:11:46,209 [INFO] Load dataset cache from [cattle/train/labels.cache.npy] success.
2024-10-31 14:11:46,215 [INFO] Dataloader num parallel workers: [4]
2024-10-31 14:11:50,151 [INFO] Dataset Cache file hash/version check success.
2024-10-31 14:11:50,152 [INFO] Load dataset cache from [cattle/valid/labels.cache.npy] success.
2024-10-31 14:11:50,154 [INFO] Dataloader num parallel workers: [1]
2024-10-31 14:11:50,441 [INFO] 
2024-10-31 14:11:50,931 [INFO] got 2 active callback as follows:
2024-10-31 14:11:50,932 [INFO] SummaryCallback()
2024-10-31 14:11:50,932 [INFO] EvalWhileTrain(stage_intervals=[1], stage_epochs=[9223372036854775807], stage_cum_epochs=[9223372036854775807], eval_last_epoch=True, isolated_epochs=[], keep_checkpoint_max=10, manager_best=<mindyolo.utils.checkpoint_manager.CheckpointManager object at 0xfffa3c5dfbe0>, ckpt_filelist_best=[])
2024-10-31 14:11:50,933 [WARNING] log interval should be less than total steps of one epoch, but got 100 > 57, set log_interval as steps_per_epoch 57
2024-10-31 14:11:50,933 [WARNING] The first epoch will be compiled for the graph, which may take a long time; You can come back later :).
2024-10-31 14:23:49,506 [INFO] Epoch 1/500, Step 57/57, imgsize (640, 640), loss: 8.3871, lbox: 2.4017, lcls: 2.8397, dfl: 3.1458, cur_lr: 0.09486886858940125
2024-10-31 14:23:55,940 [INFO] Epoch 1/500, Step 57/57, step time: 12719.45 ms
2024-10-31 14:23:59,100 [INFO] Saving model to ./runs/2024.10.31-14.08.46/weights/yolov8n-1_57.ckpt
2024-10-31 14:23:59,100 [INFO] Epoch 1/500, epoch time: 12.14 min.
2024-10-31 14:23:59,103 [WARNING] unable to load fast_coco_eval api, use normal one instead
2024-10-31 14:24:50,221 [INFO] Sample 16/1, time cost: 50104.67 ms.
2024-10-31 14:24:50,484 [INFO] Sample 16/2, time cost: 117.95 ms.
2024-10-31 14:24:50,694 [INFO] Sample 16/3, time cost: 78.11 ms.
2024-10-31 14:24:50,904 [INFO] Sample 16/4, time cost: 119.85 ms.
2024-10-31 14:24:51,134 [INFO] Sample 16/5, time cost: 90.64 ms.
2024-10-31 14:24:51,385 [INFO] Sample 16/6, time cost: 133.57 ms.
2024-10-31 14:24:51,601 [INFO] Sample 16/7, time cost: 105.43 ms.
2024-10-31 14:24:51,872 [INFO] Sample 16/8, time cost: 204.65 ms.
2024-10-31 14:24:52,077 [INFO] Sample 16/9, time cost: 145.48 ms.
2024-10-31 14:24:52,332 [INFO] Sample 16/10, time cost: 128.09 ms.
2024-10-31 14:24:52,578 [INFO] Sample 16/11, time cost: 146.06 ms.
2024-10-31 14:24:52,803 [INFO] Sample 16/12, time cost: 147.50 ms.
2024-10-31 14:24:53,019 [INFO] Sample 16/13, time cost: 79.69 ms.
2024-10-31 14:24:53,224 [INFO] Sample 16/14, time cost: 92.62 ms.
2024-10-31 14:24:53,403 [INFO] Sample 16/15, time cost: 67.79 ms.
2024-10-31 14:25:46,978 [INFO] Sample 16/16, time cost: 53446.68 ms.
2024-10-31 14:25:46,979 [WARNING] Got 0 bbox after NMS, skip computing map
2024-10-31 14:25:46,979 [INFO] Speed: 417.7/4.3/422.0 ms inference/NMS/total per 640x640 image at batch-size 16;
2024-10-31 14:25:47,820 [INFO] Epoch 1/500, eval accuracy: 0.000, run_eval time: 108.720 s.
2024-10-31 14:25:47,820 [INFO] best accuracy: 0.000, saved at: ./runs/2024.10.31-14.08.46/weights/best_yolov8n-1_57_acc0.000.ckpt
2024-10-31 14:26:35,355 [INFO] Epoch 2/500, Step 57/57, imgsize (640, 640), loss: 7.9111, lbox: 2.3271, lcls: 2.7518, dfl: 2.8322, cur_lr: 0.0897354856133461
2024-10-31 14:26:35,369 [INFO] Epoch 2/500, Step 57/57, step time: 2741.57 ms
2024-10-31 14:26:41,592 [INFO] Saving model to ./runs/2024.10.31-14.08.46/weights/yolov8n-2_57.ckpt
2024-10-31 14:26:41,593 [INFO] Epoch 2/500, epoch time: 2.71 min.
2024-10-31 14:26:41,595 [WARNING] unable to load fast_coco_eval api, use normal one instead
2024-10-31 14:26:44,202 [INFO] Sample 16/1, time cost: 360.62 ms.
2024-10-31 14:26:45,836 [INFO] Sample 16/2, time cost: 508.43 ms.
2024-10-31 14:26:47,738 [INFO] Sample 16/3, time cost: 599.15 ms.
2024-10-31 14:26:49,492 [INFO] Sample 16/4, time cost: 345.67 ms.
2024-10-31 14:26:51,227 [INFO] Sample 16/5, time cost: 530.97 ms.
2024-10-31 14:26:52,906 [INFO] Sample 16/6, time cost: 390.70 ms.
2024-10-31 14:26:55,197 [INFO] Sample 16/7, time cost: 392.11 ms.
2024-10-31 14:26:57,032 [INFO] Sample 16/8, time cost: 481.86 ms.
2024-10-31 14:26:58,631 [INFO] Sample 16/9, time cost: 403.51 ms.
2024-10-31 14:27:00,462 [INFO] Sample 16/10, time cost: 370.62 ms.
2024-10-31 14:27:02,699 [INFO] Sample 16/11, time cost: 667.27 ms.
2024-10-31 14:27:04,758 [INFO] Sample 16/12, time cost: 687.19 ms.
2024-10-31 14:27:06,458 [INFO] Sample 16/13, time cost: 564.27 ms.
2024-10-31 14:27:08,069 [INFO] Sample 16/14, time cost: 449.25 ms.
2024-10-31 14:27:09,863 [INFO] Sample 16/15, time cost: 351.62 ms.
2024-10-31 14:27:10,288 [INFO] Sample 16/16, time cost: 232.10 ms.
2024-10-31 14:27:10,288 [INFO] loading annotations into memory...
2024-10-31 14:27:10,288 [ERROR] pycocotools unable to run: [Errno 2] No such file or directory: 'cattle/valid/annotations/instances_val2017.json'
